<?xml version="1.0" encoding="UTF-8"?>
<testng-results ignored="0" total="14" passed="14" failed="0" skipped="0">
  <reporter-output>
  </reporter-output>
  <suite started-at="2025-01-23T16:42:18 IST" name="TutorialNinja Automation Test Suite" finished-at="2025-01-23T16:45:50 IST" duration-ms="211799">
    <groups>
    </groups>
    <test started-at="2025-01-23T16:42:18 IST" name="TutorialNinja Testcases" finished-at="2025-01-23T16:45:50 IST" duration-ms="211799">
      <class name="com.tutorialninja.qa.testcases.SearchTest">
        <test-method is-config="true" signature="setUp()[pri:0, instance:com.tutorialninja.qa.testcases.SearchTest@738dc9b]" started-at="2025-01-23T16:45:08 IST" name="setUp" finished-at="2025-01-23T16:45:18 IST" duration-ms="10476" status="PASS">
          <reporter-output>
          </reporter-output>
        </test-method> <!-- setUp -->
        <test-method signature="verifySearchwithValidProduct()[pri:1, instance:com.tutorialninja.qa.testcases.SearchTest@738dc9b]" started-at="2025-01-23T16:45:18 IST" name="verifySearchwithValidProduct" finished-at="2025-01-23T16:45:20 IST" duration-ms="1833" status="PASS">
          <reporter-output>
          </reporter-output>
        </test-method> <!-- verifySearchwithValidProduct -->
        <test-method is-config="true" signature="tearDown()[pri:0, instance:com.tutorialninja.qa.testcases.SearchTest@738dc9b]" started-at="2025-01-23T16:45:20 IST" name="tearDown" finished-at="2025-01-23T16:45:22 IST" duration-ms="1780" status="PASS">
          <reporter-output>
          </reporter-output>
        </test-method> <!-- tearDown -->
        <test-method is-config="true" signature="setUp()[pri:0, instance:com.tutorialninja.qa.testcases.SearchTest@738dc9b]" started-at="2025-01-23T16:45:22 IST" name="setUp" finished-at="2025-01-23T16:45:33 IST" duration-ms="10556" status="PASS">
          <reporter-output>
          </reporter-output>
        </test-method> <!-- setUp -->
        <test-method signature="verifySearchWithInvalidProduct()[pri:2, instance:com.tutorialninja.qa.testcases.SearchTest@738dc9b]" started-at="2025-01-23T16:45:33 IST" name="verifySearchWithInvalidProduct" finished-at="2025-01-23T16:45:34 IST" duration-ms="1198" status="PASS">
          <reporter-output>
          </reporter-output>
        </test-method> <!-- verifySearchWithInvalidProduct -->
        <test-method is-config="true" signature="tearDown()[pri:0, instance:com.tutorialninja.qa.testcases.SearchTest@738dc9b]" started-at="2025-01-23T16:45:34 IST" name="tearDown" finished-at="2025-01-23T16:45:36 IST" duration-ms="1858" status="PASS">
          <reporter-output>
          </reporter-output>
        </test-method> <!-- tearDown -->
        <test-method is-config="true" signature="setUp()[pri:0, instance:com.tutorialninja.qa.testcases.SearchTest@738dc9b]" started-at="2025-01-23T16:45:36 IST" name="setUp" finished-at="2025-01-23T16:45:46 IST" duration-ms="10692" status="PASS">
          <reporter-output>
          </reporter-output>
        </test-method> <!-- setUp -->
        <test-method signature="verifySearchWithOutAnyProduct()[pri:3, instance:com.tutorialninja.qa.testcases.SearchTest@738dc9b]" started-at="2025-01-23T16:45:46 IST" name="verifySearchWithOutAnyProduct" finished-at="2025-01-23T16:45:48 IST" duration-ms="1793" status="PASS">
          <reporter-output>
          </reporter-output>
        </test-method> <!-- verifySearchWithOutAnyProduct -->
        <test-method is-config="true" signature="tearDown()[pri:0, instance:com.tutorialninja.qa.testcases.SearchTest@738dc9b]" started-at="2025-01-23T16:45:48 IST" name="tearDown" finished-at="2025-01-23T16:45:50 IST" duration-ms="1827" status="PASS">
          <reporter-output>
          </reporter-output>
        </test-method> <!-- tearDown -->
      </class> <!-- com.tutorialninja.qa.testcases.SearchTest -->
      <class name="com.tutorialninja.qa.testcases.LoginTest">
        <test-method is-config="true" signature="setUp()[pri:0, instance:com.tutorialninja.qa.testcases.LoginTest@71ba6d4e]" started-at="2025-01-23T16:43:22 IST" name="setUp" finished-at="2025-01-23T16:43:34 IST" duration-ms="11864" status="PASS">
          <reporter-output>
          </reporter-output>
        </test-method> <!-- setUp -->
        <test-method signature="verifyLoginWithValidCredentials(java.lang.String,java.lang.String)[pri:1, instance:com.tutorialninja.qa.testcases.LoginTest@71ba6d4e]" started-at="2025-01-23T16:43:34 IST" name="verifyLoginWithValidCredentials" data-provider="validCredentialsSupplier" finished-at="2025-01-23T16:43:36 IST" duration-ms="1878" status="PASS">
          <params>
            <param index="0">
              <value>
                <![CDATA[ajay44314@gmail.com]]>
              </value>
            </param>
            <param index="1">
              <value>
                <![CDATA[8871500667@Ar]]>
              </value>
            </param>
          </params>
          <reporter-output>
          </reporter-output>
        </test-method> <!-- verifyLoginWithValidCredentials -->
        <test-method is-config="true" signature="tearDown()[pri:0, instance:com.tutorialninja.qa.testcases.LoginTest@71ba6d4e]" started-at="2025-01-23T16:43:36 IST" name="tearDown" finished-at="2025-01-23T16:43:38 IST" duration-ms="1841" status="PASS">
          <reporter-output>
          </reporter-output>
        </test-method> <!-- tearDown -->
        <test-method is-config="true" signature="setUp()[pri:0, instance:com.tutorialninja.qa.testcases.LoginTest@71ba6d4e]" started-at="2025-01-23T16:43:38 IST" name="setUp" finished-at="2025-01-23T16:43:50 IST" duration-ms="12295" status="PASS">
          <reporter-output>
          </reporter-output>
        </test-method> <!-- setUp -->
        <test-method signature="verifyLoginWithValidCredentials(java.lang.String,java.lang.String)[pri:1, instance:com.tutorialninja.qa.testcases.LoginTest@71ba6d4e]" started-at="2025-01-23T16:43:50 IST" name="verifyLoginWithValidCredentials" data-provider="validCredentialsSupplier" finished-at="2025-01-23T16:43:52 IST" duration-ms="1429" status="PASS">
          <params>
            <param index="0">
              <value>
                <![CDATA[testing1000@gmail.com]]>
              </value>
            </param>
            <param index="1">
              <value>
                <![CDATA[8871500667@Ar]]>
              </value>
            </param>
          </params>
          <reporter-output>
          </reporter-output>
        </test-method> <!-- verifyLoginWithValidCredentials -->
        <test-method is-config="true" signature="tearDown()[pri:0, instance:com.tutorialninja.qa.testcases.LoginTest@71ba6d4e]" started-at="2025-01-23T16:43:52 IST" name="tearDown" finished-at="2025-01-23T16:43:53 IST" duration-ms="1792" status="PASS">
          <reporter-output>
          </reporter-output>
        </test-method> <!-- tearDown -->
        <test-method is-config="true" signature="setUp()[pri:0, instance:com.tutorialninja.qa.testcases.LoginTest@71ba6d4e]" started-at="2025-01-23T16:43:53 IST" name="setUp" finished-at="2025-01-23T16:44:06 IST" duration-ms="12510" status="PASS">
          <reporter-output>
          </reporter-output>
        </test-method> <!-- setUp -->
        <test-method signature="verifyLoginWithValidCredentials(java.lang.String,java.lang.String)[pri:1, instance:com.tutorialninja.qa.testcases.LoginTest@71ba6d4e]" started-at="2025-01-23T16:44:06 IST" name="verifyLoginWithValidCredentials" data-provider="validCredentialsSupplier" finished-at="2025-01-23T16:44:07 IST" duration-ms="1212" status="PASS">
          <params>
            <param index="0">
              <value>
                <![CDATA[testing10@gmail.com]]>
              </value>
            </param>
            <param index="1">
              <value>
                <![CDATA[8871500667@Ar]]>
              </value>
            </param>
          </params>
          <reporter-output>
          </reporter-output>
        </test-method> <!-- verifyLoginWithValidCredentials -->
        <test-method is-config="true" signature="tearDown()[pri:0, instance:com.tutorialninja.qa.testcases.LoginTest@71ba6d4e]" started-at="2025-01-23T16:44:07 IST" name="tearDown" finished-at="2025-01-23T16:44:09 IST" duration-ms="1771" status="PASS">
          <reporter-output>
          </reporter-output>
        </test-method> <!-- tearDown -->
        <test-method is-config="true" signature="setUp()[pri:0, instance:com.tutorialninja.qa.testcases.LoginTest@71ba6d4e]" started-at="2025-01-23T16:44:09 IST" name="setUp" finished-at="2025-01-23T16:44:20 IST" duration-ms="11111" status="PASS">
          <reporter-output>
          </reporter-output>
        </test-method> <!-- setUp -->
        <test-method signature="verifyLoginWithInvalidCredentials()[pri:2, instance:com.tutorialninja.qa.testcases.LoginTest@71ba6d4e]" started-at="2025-01-23T16:44:20 IST" name="verifyLoginWithInvalidCredentials" finished-at="2025-01-23T16:44:21 IST" duration-ms="1029" status="PASS">
          <reporter-output>
          </reporter-output>
        </test-method> <!-- verifyLoginWithInvalidCredentials -->
        <test-method is-config="true" signature="tearDown()[pri:0, instance:com.tutorialninja.qa.testcases.LoginTest@71ba6d4e]" started-at="2025-01-23T16:44:21 IST" name="tearDown" finished-at="2025-01-23T16:44:23 IST" duration-ms="1777" status="PASS">
          <reporter-output>
          </reporter-output>
        </test-method> <!-- tearDown -->
        <test-method is-config="true" signature="setUp()[pri:0, instance:com.tutorialninja.qa.testcases.LoginTest@71ba6d4e]" started-at="2025-01-23T16:44:23 IST" name="setUp" finished-at="2025-01-23T16:44:34 IST" duration-ms="11081" status="PASS">
          <reporter-output>
          </reporter-output>
        </test-method> <!-- setUp -->
        <test-method signature="verifyLoginWithInValidEmailandValidPassword()[pri:3, instance:com.tutorialninja.qa.testcases.LoginTest@71ba6d4e]" started-at="2025-01-23T16:44:34 IST" name="verifyLoginWithInValidEmailandValidPassword" finished-at="2025-01-23T16:44:35 IST" duration-ms="1020" status="PASS">
          <reporter-output>
          </reporter-output>
        </test-method> <!-- verifyLoginWithInValidEmailandValidPassword -->
        <test-method is-config="true" signature="tearDown()[pri:0, instance:com.tutorialninja.qa.testcases.LoginTest@71ba6d4e]" started-at="2025-01-23T16:44:35 IST" name="tearDown" finished-at="2025-01-23T16:44:37 IST" duration-ms="1783" status="PASS">
          <reporter-output>
          </reporter-output>
        </test-method> <!-- tearDown -->
        <test-method is-config="true" signature="setUp()[pri:0, instance:com.tutorialninja.qa.testcases.LoginTest@71ba6d4e]" started-at="2025-01-23T16:44:37 IST" name="setUp" finished-at="2025-01-23T16:44:48 IST" duration-ms="11761" status="PASS">
          <reporter-output>
          </reporter-output>
        </test-method> <!-- setUp -->
        <test-method signature="VerifyLoginWithValidEmailandInvalidPassword()[pri:4, instance:com.tutorialninja.qa.testcases.LoginTest@71ba6d4e]" started-at="2025-01-23T16:44:48 IST" name="VerifyLoginWithValidEmailandInvalidPassword" finished-at="2025-01-23T16:44:50 IST" duration-ms="1094" status="PASS">
          <reporter-output>
          </reporter-output>
        </test-method> <!-- VerifyLoginWithValidEmailandInvalidPassword -->
        <test-method is-config="true" signature="tearDown()[pri:0, instance:com.tutorialninja.qa.testcases.LoginTest@71ba6d4e]" started-at="2025-01-23T16:44:50 IST" name="tearDown" finished-at="2025-01-23T16:44:51 IST" duration-ms="1764" status="PASS">
          <reporter-output>
          </reporter-output>
        </test-method> <!-- tearDown -->
        <test-method is-config="true" signature="setUp()[pri:0, instance:com.tutorialninja.qa.testcases.LoginTest@71ba6d4e]" started-at="2025-01-23T16:44:51 IST" name="setUp" finished-at="2025-01-23T16:45:05 IST" duration-ms="13996" status="PASS">
          <reporter-output>
          </reporter-output>
        </test-method> <!-- setUp -->
        <test-method signature="VerifyLoginWithoutCredentials()[pri:5, instance:com.tutorialninja.qa.testcases.LoginTest@71ba6d4e]" started-at="2025-01-23T16:45:05 IST" name="VerifyLoginWithoutCredentials" finished-at="2025-01-23T16:45:06 IST" duration-ms="777" status="PASS">
          <reporter-output>
          </reporter-output>
        </test-method> <!-- VerifyLoginWithoutCredentials -->
        <test-method is-config="true" signature="tearDown()[pri:0, instance:com.tutorialninja.qa.testcases.LoginTest@71ba6d4e]" started-at="2025-01-23T16:45:06 IST" name="tearDown" finished-at="2025-01-23T16:45:08 IST" duration-ms="1866" status="PASS">
          <reporter-output>
          </reporter-output>
        </test-method> <!-- tearDown -->
      </class> <!-- com.tutorialninja.qa.testcases.LoginTest -->
      <class name="com.tutorialninja.qa.testcases.RegisterTest">
        <test-method is-config="true" signature="setUp()[pri:0, instance:com.tutorialninja.qa.testcases.RegisterTest@506ae4d4]" started-at="2025-01-23T16:42:19 IST" name="setUp" finished-at="2025-01-23T16:42:31 IST" duration-ms="12358" status="PASS">
          <reporter-output>
          </reporter-output>
        </test-method> <!-- setUp -->
        <test-method signature="verifyRegisteringAnAccountWithMandatoryFields()[pri:1, instance:com.tutorialninja.qa.testcases.RegisterTest@506ae4d4]" started-at="2025-01-23T16:42:31 IST" name="verifyRegisteringAnAccountWithMandatoryFields" finished-at="2025-01-23T16:42:33 IST" duration-ms="1776" status="PASS">
          <reporter-output>
          </reporter-output>
        </test-method> <!-- verifyRegisteringAnAccountWithMandatoryFields -->
        <test-method is-config="true" signature="tearDown()[pri:0, instance:com.tutorialninja.qa.testcases.RegisterTest@506ae4d4]" started-at="2025-01-23T16:42:33 IST" name="tearDown" finished-at="2025-01-23T16:42:35 IST" duration-ms="1909" status="PASS">
          <reporter-output>
          </reporter-output>
        </test-method> <!-- tearDown -->
        <test-method is-config="true" signature="setUp()[pri:0, instance:com.tutorialninja.qa.testcases.RegisterTest@506ae4d4]" started-at="2025-01-23T16:42:35 IST" name="setUp" finished-at="2025-01-23T16:42:47 IST" duration-ms="12632" status="PASS">
          <reporter-output>
          </reporter-output>
        </test-method> <!-- setUp -->
        <test-method signature="verifyRegisteringAnAccountWithAllFields()[pri:2, instance:com.tutorialninja.qa.testcases.RegisterTest@506ae4d4]" started-at="2025-01-23T16:42:47 IST" name="verifyRegisteringAnAccountWithAllFields" finished-at="2025-01-23T16:42:49 IST" duration-ms="1894" status="PASS">
          <reporter-output>
          </reporter-output>
        </test-method> <!-- verifyRegisteringAnAccountWithAllFields -->
        <test-method is-config="true" signature="tearDown()[pri:0, instance:com.tutorialninja.qa.testcases.RegisterTest@506ae4d4]" started-at="2025-01-23T16:42:49 IST" name="tearDown" finished-at="2025-01-23T16:42:51 IST" duration-ms="1813" status="PASS">
          <reporter-output>
          </reporter-output>
        </test-method> <!-- tearDown -->
        <test-method is-config="true" signature="setUp()[pri:0, instance:com.tutorialninja.qa.testcases.RegisterTest@506ae4d4]" started-at="2025-01-23T16:42:51 IST" name="setUp" finished-at="2025-01-23T16:43:03 IST" duration-ms="12311" status="PASS">
          <reporter-output>
          </reporter-output>
        </test-method> <!-- setUp -->
        <test-method signature="verifyRegisteringAnAccountWithAnExistingEmail()[pri:3, instance:com.tutorialninja.qa.testcases.RegisterTest@506ae4d4]" started-at="2025-01-23T16:43:03 IST" name="verifyRegisteringAnAccountWithAnExistingEmail" finished-at="2025-01-23T16:43:05 IST" duration-ms="1619" status="PASS">
          <reporter-output>
          </reporter-output>
        </test-method> <!-- verifyRegisteringAnAccountWithAnExistingEmail -->
        <test-method is-config="true" signature="tearDown()[pri:0, instance:com.tutorialninja.qa.testcases.RegisterTest@506ae4d4]" started-at="2025-01-23T16:43:05 IST" name="tearDown" finished-at="2025-01-23T16:43:07 IST" duration-ms="1825" status="PASS">
          <reporter-output>
          </reporter-output>
        </test-method> <!-- tearDown -->
        <test-method is-config="true" signature="setUp()[pri:0, instance:com.tutorialninja.qa.testcases.RegisterTest@506ae4d4]" started-at="2025-01-23T16:43:07 IST" name="setUp" finished-at="2025-01-23T16:43:19 IST" duration-ms="12034" status="PASS">
          <reporter-output>
          </reporter-output>
        </test-method> <!-- setUp -->
        <test-method signature="verifyRegisteringAnAccountWithoutFillingAnyDetails()[pri:4, instance:com.tutorialninja.qa.testcases.RegisterTest@506ae4d4]" started-at="2025-01-23T16:43:19 IST" name="verifyRegisteringAnAccountWithoutFillingAnyDetails" finished-at="2025-01-23T16:43:20 IST" duration-ms="743" status="PASS">
          <reporter-output>
          </reporter-output>
        </test-method> <!-- verifyRegisteringAnAccountWithoutFillingAnyDetails -->
        <test-method is-config="true" signature="tearDown()[pri:0, instance:com.tutorialninja.qa.testcases.RegisterTest@506ae4d4]" started-at="2025-01-23T16:43:20 IST" name="tearDown" finished-at="2025-01-23T16:43:21 IST" duration-ms="1825" status="PASS">
          <reporter-output>
          </reporter-output>
        </test-method> <!-- tearDown -->
      </class> <!-- com.tutorialninja.qa.testcases.RegisterTest -->
    </test> <!-- TutorialNinja Testcases -->
  </suite> <!-- TutorialNinja Automation Test Suite -->
</testng-results>
