<?xml version="1.0" encoding="UTF-8"?>
<testsuite xmlns:xsi="http://www.w3.org/2001/XMLSchema-instance" xsi:noNamespaceSchemaLocation="https://maven.apache.org/surefire/maven-surefire-plugin/xsd/surefire-test-report.xsd" version="3.0.2" name="TestSuite" time="217.113" tests="14" errors="0" skipped="0" failures="0">
  <properties>
[...]
</properties>
  <testcase name="verifyRegisteringAnAccountWithMandatoryFields" classname="com.tutorialninja.qa.testcases.RegisterTest" time="1.776">
    <system-err><![CDATA[SLF4J: Failed to load class "org.slf4j.impl.StaticLoggerBinder".
SLF4J: Defaulting to no-operation (NOP) logger implementation
SLF4J: See http://www.slf4j.org/codes.html#StaticLoggerBinder for further details.
Jan 23, 2025 4:42:25 PM org.openqa.selenium.devtools.CdpVersionFinder findNearestMatch
WARNING: Unable to find an exact match for CDP version 132, returning the closest version; found: 131; Please update to a Selenium version that supports CDP version 132
]]></system-err>
  </testcase>
  <testcase name="verifyRegisteringAnAccountWithAllFields" classname="com.tutorialninja.qa.testcases.RegisterTest" time="1.895">
    <system-err><![CDATA[Jan 23, 2025 4:42:40 PM org.openqa.selenium.devtools.CdpVersionFinder findNearestMatch
WARNING: Unable to find an exact match for CDP version 132, returning the closest version; found: 131; Please update to a Selenium version that supports CDP version 132
]]></system-err>
  </testcase>
  <testcase name="verifyRegisteringAnAccountWithAnExistingEmail" classname="com.tutorialninja.qa.testcases.RegisterTest" time="1.621">
    <system-err><![CDATA[Jan 23, 2025 4:42:57 PM org.openqa.selenium.devtools.CdpVersionFinder findNearestMatch
WARNING: Unable to find an exact match for CDP version 132, returning the closest version; found: 131; Please update to a Selenium version that supports CDP version 132
]]></system-err>
  </testcase>
  <testcase name="verifyRegisteringAnAccountWithoutFillingAnyDetails" classname="com.tutorialninja.qa.testcases.RegisterTest" time="0.744">
    <system-err><![CDATA[Jan 23, 2025 4:43:13 PM org.openqa.selenium.devtools.CdpVersionFinder findNearestMatch
WARNING: Unable to find an exact match for CDP version 132, returning the closest version; found: 131; Please update to a Selenium version that supports CDP version 132
]]></system-err>
  </testcase>
  <testcase name="verifyLoginWithValidCredentials[ajay44314@gmail.com, 8871500667@Ar](1)" classname="com.tutorialninja.qa.testcases.LoginTest" time="1.875">
    <system-out><![CDATA[2025-01-23T11:13:21.953622200Z main ERROR Log4j2 could not find a logging implementation. Please add log4j-core to the classpath. Using SimpleLogger to log to the console...
]]></system-out>
    <system-err><![CDATA[Jan 23, 2025 4:43:28 PM org.openqa.selenium.devtools.CdpVersionFinder findNearestMatch
WARNING: Unable to find an exact match for CDP version 132, returning the closest version; found: 131; Please update to a Selenium version that supports CDP version 132
]]></system-err>
  </testcase>
  <testcase name="verifyLoginWithValidCredentials[testing1000@gmail.com, 8871500667@Ar](2)" classname="com.tutorialninja.qa.testcases.LoginTest" time="1.427">
    <system-err><![CDATA[Jan 23, 2025 4:43:44 PM org.openqa.selenium.devtools.CdpVersionFinder findNearestMatch
WARNING: Unable to find an exact match for CDP version 132, returning the closest version; found: 131; Please update to a Selenium version that supports CDP version 132
]]></system-err>
  </testcase>
  <testcase name="verifyLoginWithValidCredentials[testing10@gmail.com, 8871500667@Ar](3)" classname="com.tutorialninja.qa.testcases.LoginTest" time="1.211">
    <system-err><![CDATA[Jan 23, 2025 4:44:00 PM org.openqa.selenium.devtools.CdpVersionFinder findNearestMatch
WARNING: Unable to find an exact match for CDP version 132, returning the closest version; found: 131; Please update to a Selenium version that supports CDP version 132
]]></system-err>
  </testcase>
  <testcase name="verifyLoginWithInvalidCredentials" classname="com.tutorialninja.qa.testcases.LoginTest" time="1.026">
    <system-err><![CDATA[Jan 23, 2025 4:44:15 PM org.openqa.selenium.devtools.CdpVersionFinder findNearestMatch
WARNING: Unable to find an exact match for CDP version 132, returning the closest version; found: 131; Please update to a Selenium version that supports CDP version 132
]]></system-err>
  </testcase>
  <testcase name="verifyLoginWithInValidEmailandValidPassword" classname="com.tutorialninja.qa.testcases.LoginTest" time="1.018">
    <system-err><![CDATA[Jan 23, 2025 4:44:28 PM org.openqa.selenium.devtools.CdpVersionFinder findNearestMatch
WARNING: Unable to find an exact match for CDP version 132, returning the closest version; found: 131; Please update to a Selenium version that supports CDP version 132
]]></system-err>
  </testcase>
  <testcase name="VerifyLoginWithValidEmailandInvalidPassword" classname="com.tutorialninja.qa.testcases.LoginTest" time="1.097">
    <system-err><![CDATA[Jan 23, 2025 4:44:42 PM org.openqa.selenium.devtools.CdpVersionFinder findNearestMatch
WARNING: Unable to find an exact match for CDP version 132, returning the closest version; found: 131; Please update to a Selenium version that supports CDP version 132
]]></system-err>
  </testcase>
  <testcase name="VerifyLoginWithoutCredentials" classname="com.tutorialninja.qa.testcases.LoginTest" time="0.776">
    <system-err><![CDATA[Jan 23, 2025 4:44:59 PM org.openqa.selenium.devtools.CdpVersionFinder findNearestMatch
WARNING: Unable to find an exact match for CDP version 132, returning the closest version; found: 131; Please update to a Selenium version that supports CDP version 132
]]></system-err>
  </testcase>
  <testcase name="verifySearchwithValidProduct" classname="com.tutorialninja.qa.testcases.SearchTest" time="1.833">
    <system-err><![CDATA[Jan 23, 2025 4:45:13 PM org.openqa.selenium.devtools.CdpVersionFinder findNearestMatch
WARNING: Unable to find an exact match for CDP version 132, returning the closest version; found: 131; Please update to a Selenium version that supports CDP version 132
]]></system-err>
  </testcase>
  <testcase name="verifySearchWithInvalidProduct" classname="com.tutorialninja.qa.testcases.SearchTest" time="1.199">
    <system-err><![CDATA[Jan 23, 2025 4:45:28 PM org.openqa.selenium.devtools.CdpVersionFinder findNearestMatch
WARNING: Unable to find an exact match for CDP version 132, returning the closest version; found: 131; Please update to a Selenium version that supports CDP version 132
]]></system-err>
  </testcase>
  <testcase name="verifySearchWithOutAnyProduct" classname="com.tutorialninja.qa.testcases.SearchTest" time="1.792">
    <system-err><![CDATA[Jan 23, 2025 4:45:41 PM org.openqa.selenium.devtools.CdpVersionFinder findNearestMatch
WARNING: Unable to find an exact match for CDP version 132, returning the closest version; found: 131; Please update to a Selenium version that supports CDP version 132
]]></system-err>
  </testcase>
</testsuite>