<?xml version="1.0" encoding="UTF-8"?>
<!-- Generated by org.testng.reporters.JUnitXMLReporter -->
<testsuite ignored="0" hostname="CHETUIWK1648" failures="0" tests="8" name="Default test" time="220.765" errors="0" timestamp="2025-03-25T18:39:24 IST">
  <testcase classname="com.tutorialninja.qa.testcases.LoginTest" name="verifyLoginWithValidCredentials" time="2.219"/>
  <testcase classname="com.tutorialninja.qa.testcases.LoginTest" name="verifyLoginWithValidCredentials" time="1.881"/>
  <testcase classname="com.tutorialninja.qa.testcases.LoginTest" name="verifyLoginWithValidCredentials" time="1.328"/>
  <testcase classname="com.tutorialninja.qa.testcases.LoginTest" name="verifyLoginWithInvalidCredentials" time="1.374"/>
  <testcase classname="com.tutorialninja.qa.testcases.LoginTest" name="verifyLoginWithInValidEmailandValidPassword" time="1.156"/>
  <testcase classname="com.tutorialninja.qa.testcases.LoginTest" name="VerifyLoginWithValidEmailandInvalidPassword" time="1.233"/>
  <testcase classname="com.tutorialninja.qa.testcases.LoginTest" name="VerifyLoginWithoutCredentials" time="0.967"/>
  <testcase classname="com.tutorialninja.qa.testcases.LoginTest" name="tableDataFetch" time="4.476"/>
</testsuite> <!-- Default test -->
